[0mPOST /api/auth/login [32m200[0m 416.461 ms - 752[0m
[0mGET /api/products [32m200[0m 102.528 ms - 1300[0m
[0mGET /api/products [36m304[0m 100.113 ms - -[0m
[0mPOST /api/auth/login [32m200[0m 405.140 ms - 752[0m
[0mPOST /api/orders/realizar [32m201[0m 623.383 ms - 442[0m
[0mGET /api/orders/679aa3eacaef485b066b7d22 [31m500[0m 1.756 ms - 111[0m
[0mGET /api/orders/679aa3eacaef485b066b7d22 [31m500[0m 1.718 ms - 111[0m
[0mGET /api/customers/profile [36m304[0m 105.505 ms - -[0m
[0mGET /api/customers/profile [36m304[0m 102.320 ms - -[0m
[0mPOST /api/auth/login [32m200[0m 389.482 ms - 749[0m
[0mGET /api/customers/all [36m304[0m 110.881 ms - -[0m
[0mGET /api/customers/all [36m304[0m 104.953 ms - -[0m
[0mGET /api/products [32m200[0m 107.268 ms - 1300[0m
[0mGET /api/products [36m304[0m 97.612 ms - -[0m
[0mGET /api/orders/all [32m200[0m 99.364 ms - 392[0m
[0mGET /api/orders/all [36m304[0m 98.493 ms - -[0m
[0mGET /api/orders [33m404[0m 0.441 ms - 32[0m
[0mGET /api/orders/all [33m403[0m 1.992 ms - 60[0m
[0mGET /api/products [36m304[0m 99.942 ms - -[0m
[0mGET /api/products [36m304[0m 98.511 ms - -[0m
[0mGET /api/orders/all [36m304[0m 96.334 ms - -[0m
[0mGET /api/orders/all [36m304[0m 101.100 ms - -[0m
[0mGET /api/products [36m304[0m 113.273 ms - -[0m
[0mGET /api/products [36m304[0m 109.505 ms - -[0m
[0mGET /api/orders/all [36m304[0m 100.971 ms - -[0m
[0mGET /api/orders/all [36m304[0m 103.710 ms - -[0m
[0mGET /api/products [36m304[0m 100.249 ms - -[0m
[0mGET /api/products [36m304[0m 97.427 ms - -[0m
[0mGET /api/orders/all [36m304[0m 108.911 ms - -[0m
[0mGET /api/orders/all [36m304[0m 105.856 ms - -[0m
[0mGET /api/products [36m304[0m 131.105 ms - -[0m
[0mGET /api/products [36m304[0m 104.440 ms - -[0m
[0mGET /api/customers/all [36m304[0m 101.407 ms - -[0m
[0mGET /api/customers/all [36m304[0m 99.785 ms - -[0m
[0mGET /api/products [36m304[0m 99.362 ms - -[0m
[0mGET /api/products [36m304[0m 108.156 ms - -[0m
[0mGET /api/orders/all [36m304[0m 100.507 ms - -[0m
[0mGET /api/orders/all [36m304[0m 99.001 ms - -[0m
[0mGET /api/products [36m304[0m 102.959 ms - -[0m
[0mGET /api/products [36m304[0m 101.491 ms - -[0m
[0mGET /api/orders/all [36m304[0m 102.576 ms - -[0m
[0mGET /api/orders/all [36m304[0m 111.198 ms - -[0m
[0mGET /api/products [36m304[0m 104.378 ms - -[0m
[0mGET /api/products [36m304[0m 97.277 ms - -[0m
[0mGET /api/orders/all [36m304[0m 99.159 ms - -[0m
[0mGET /api/orders/all [36m304[0m 99.196 ms - -[0m
[0mGET /api/products [36m304[0m 100.871 ms - -[0m
[0mGET /api/products [36m304[0m 95.350 ms - -[0m
[0mGET /api/customers/all [36m304[0m 105.057 ms - -[0m
[0mGET /api/customers/all [36m304[0m 101.749 ms - -[0m
[0mGET /api/products [36m304[0m 103.535 ms - -[0m
[0mGET /api/products [36m304[0m 102.133 ms - -[0m
[0mGET /api/customers/all [36m304[0m 101.191 ms - -[0m
[0mGET /api/customers/all [36m304[0m 100.214 ms - -[0m
[0mGET /api/products [36m304[0m 100.945 ms - -[0m
[0mGET /api/products [36m304[0m 99.822 ms - -[0m
[0mGET /api/orders/all [36m304[0m 102.014 ms - -[0m
[0mGET /api/orders/all [36m304[0m 101.498 ms - -[0m
[0mGET /api/products [36m304[0m 106.827 ms - -[0m
[0mGET /api/products [36m304[0m 109.076 ms - -[0m
[0mGET /api/customers/all [36m304[0m 101.028 ms - -[0m
[0mGET /api/customers/all [36m304[0m 108.250 ms - -[0m
[0mGET /api/products [36m304[0m 94.592 ms - -[0m
[0mGET /api/products [36m304[0m 95.261 ms - -[0m
[0mGET /api/orders/all [36m304[0m 99.655 ms - -[0m
[0mGET /api/orders/all [36m304[0m 100.036 ms - -[0m
[0mGET /api/products [36m304[0m 100.141 ms - -[0m
[0mGET /api/products [36m304[0m 101.163 ms - -[0m
[0mGET /api/orders/all [36m304[0m 100.685 ms - -[0m
[0mGET /api/orders/all [36m304[0m 122.812 ms - -[0m
[0mGET /api/products [36m304[0m 99.421 ms - -[0m
[0mGET /api/products [36m304[0m 98.748 ms - -[0m
[0mGET /api/orders/all [36m304[0m 100.816 ms - -[0m
[0mGET /api/orders/all [36m304[0m 98.304 ms - -[0m
[0mGET /api/products [36m304[0m 98.773 ms - -[0m
[0mGET /api/products [36m304[0m 94.225 ms - -[0m
[0mGET /api/customers/all [36m304[0m 122.462 ms - -[0m
[0mGET /api/customers/all [36m304[0m 97.249 ms - -[0m
[0mGET /api/products [36m304[0m 97.709 ms - -[0m
[0mGET /api/products [36m304[0m 97.515 ms - -[0m
[0mGET /api/orders/all [36m304[0m 95.633 ms - -[0m
[0mGET /api/orders/all [36m304[0m 95.846 ms - -[0m
[0mGET /api/products [36m304[0m 99.791 ms - -[0m
[0mGET /api/products [36m304[0m 98.088 ms - -[0m
[0mGET /api/orders/all [36m304[0m 100.456 ms - -[0m
[0mGET /api/orders/all [36m304[0m 105.252 ms - -[0m
[0mGET /api/products [36m304[0m 98.666 ms - -[0m
[0mGET /api/products [36m304[0m 101.188 ms - -[0m
[0mGET /api/orders/all [36m304[0m 96.584 ms - -[0m
[0mGET /api/orders/all [36m304[0m 97.082 ms - -[0m
[0mGET /api/products [36m304[0m 99.116 ms - -[0m
[0mGET /api/products [36m304[0m 117.360 ms - -[0m
[0mGET /api/customers/all [36m304[0m 103.669 ms - -[0m
[0mGET /api/customers/all [36m304[0m 100.385 ms - -[0m
[0mGET /api/products [36m304[0m 108.128 ms - -[0m
[0mGET /api/products [36m304[0m 99.832 ms - -[0m
[0mGET /api/orders/all [36m304[0m 110.394 ms - -[0m
[0mGET /api/orders/all [36m304[0m 110.616 ms - -[0m
[0mPOST /api/auth/login [32m200[0m 468.550 ms - 752[0m
[0mGET /api/products [32m200[0m 102.934 ms - 1300[0m
[0mGET /api/products [36m304[0m 118.392 ms - -[0m
[0mGET /api/products [36m304[0m 112.066 ms - -[0m
[0mGET /api/products [36m304[0m 100.826 ms - -[0m
[0mGET /api/orders/679aa3eacaef485b066b7d22 [31m500[0m 8.796 ms - 111[0m
[0mGET /api/orders/679aa3eacaef485b066b7d22 [31m500[0m 2.239 ms - 111[0m
[0mGET /api/customers/profile [32m200[0m 121.053 ms - 266[0m
[0mGET /api/customers/profile [36m304[0m 110.754 ms - -[0m
[0mGET /api/products [36m304[0m 105.995 ms - -[0m
[0mGET /api/products [36m304[0m 101.502 ms - -[0m
[0mGET /api/products [36m304[0m 115.997 ms - -[0m
[0mGET /api/products [36m304[0m 105.216 ms - -[0m
[0mPOST /api/orders/realizar [33m400[0m 8.819 ms - 76[0m
[0mGET /api/orders/679aa3eacaef485b066b7d22 [31m500[0m 3.352 ms - 111[0m
[0mGET /api/orders/679aa3eacaef485b066b7d22 [31m500[0m 1.575 ms - 111[0m
[0mGET /api/customers/profile [36m304[0m 103.577 ms - -[0m
[0mGET /api/customers/profile [36m304[0m 116.926 ms - -[0m
[0mPUT /api/customers/profile [33m403[0m 1.438 ms - 27[0m
[0mGET /api/orders/679aa3eacaef485b066b7d22 [31m500[0m 5.816 ms - 111[0m
[0mGET /api/orders/679aa3eacaef485b066b7d22 [31m500[0m 5.632 ms - 111[0m
[0mGET /api/customers/profile [36m304[0m 107.381 ms - -[0m
[0mGET /api/customers/profile [36m304[0m 109.285 ms - -[0m
[0mGET /api/products [36m304[0m 99.560 ms - -[0m
[0mGET /api/products [36m304[0m 116.664 ms - -[0m
[0mGET /api/products [36m304[0m 111.357 ms - -[0m
[0mGET /api/products [36m304[0m 122.220 ms - -[0m
[0mGET /api/products [36m304[0m 120.932 ms - -[0m
[0mGET /api/products [36m304[0m 101.504 ms - -[0m
[0mGET /api/products [36m304[0m 101.400 ms - -[0m
[0mGET /api/products [36m304[0m 96.886 ms - -[0m
[0mGET /api/orders/679aa3eacaef485b066b7d22 [31m500[0m 2.378 ms - 111[0m
[0mGET /api/orders/679aa3eacaef485b066b7d22 [31m500[0m 5.433 ms - 111[0m
[0mGET /api/customers/profile [36m304[0m 104.910 ms - -[0m
[0mGET /api/customers/profile [36m304[0m 107.317 ms - -[0m
[0mGET /api/products [36m304[0m 101.448 ms - -[0m
[0mGET /api/products [36m304[0m 104.046 ms - -[0m
[0mGET /api/customers/profile [36m304[0m 100.026 ms - -[0m
[0mGET /api/customers/profile [36m304[0m 102.984 ms - -[0m
[0mGET /api/orders/679aa3eacaef485b066b7d22 [31m500[0m 2.092 ms - 111[0m
[0mGET /api/orders/679aa3eacaef485b066b7d22 [31m500[0m 5.169 ms - 111[0m
[0mGET /api/products [36m304[0m 101.159 ms - -[0m
[0mGET /api/products [36m304[0m 105.348 ms - -[0m
[0mGET /api/products [36m304[0m 101.424 ms - -[0m
[0mGET /api/products [36m304[0m 105.882 ms - -[0m
[0mGET /api/products [36m304[0m 100.359 ms - -[0m
[0mGET /api/products [36m304[0m 103.642 ms - -[0m
[0mGET /api/products [36m304[0m 117.378 ms - -[0m
[0mGET /api/products [36m304[0m 100.499 ms - -[0m
[0mGET /api/products [36m304[0m 102.938 ms - -[0m
[0mGET /api/products [36m304[0m 98.084 ms - -[0m
[0mGET /api/products [36m304[0m 97.964 ms - -[0m
[0mGET /api/products [36m304[0m 99.093 ms - -[0m
[0mGET /api/products [36m304[0m 101.690 ms - -[0m
[0mGET /api/products [36m304[0m 100.529 ms - -[0m
[0mGET /api/products [36m304[0m 101.518 ms - -[0m
[0mGET /api/products [36m304[0m 106.149 ms - -[0m
[0mGET /api/products [36m304[0m 107.132 ms - -[0m
[0mGET /api/products [36m304[0m 109.639 ms - -[0m
[0mGET /api/products [36m304[0m 99.191 ms - -[0m
[0mGET /api/products [36m304[0m 110.036 ms - -[0m
[0mGET /api/orders/679aa3eacaef485b066b7d22 [31m500[0m 2.578 ms - 111[0m
[0mGET /api/orders/679aa3eacaef485b066b7d22 [31m500[0m 5.350 ms - 111[0m
[0mGET /api/products [36m304[0m 117.896 ms - -[0m
[0mGET /api/products [36m304[0m 99.749 ms - -[0m
[0mGET /api/customers/profile [36m304[0m 102.455 ms - -[0m
[0mGET /api/customers/profile [36m304[0m 96.415 ms - -[0m
[0mGET /api/orders/679aa3eacaef485b066b7d22 [31m500[0m 3.070 ms - 111[0m
[0mGET /api/orders/679aa3eacaef485b066b7d22 [31m500[0m 8.277 ms - 111[0m
[0mGET /api/products [36m304[0m 107.743 ms - -[0m
[0mGET /api/products [36m304[0m 113.236 ms - -[0m
[0mGET /api/products [36m304[0m 94.968 ms - -[0m
[0mGET /api/products [36m304[0m 94.954 ms - -[0m
[0mGET /api/products [36m304[0m 102.002 ms - -[0m
[0mGET /api/products [36m304[0m 99.480 ms - -[0m
[0mGET /api/orders/679aa3eacaef485b066b7d22 [31m500[0m 2.692 ms - 111[0m
[0mGET /api/orders/679aa3eacaef485b066b7d22 [31m500[0m 3.109 ms - 111[0m
[0mGET /api/orders/679aa3eacaef485b066b7d22 [31m500[0m 2.176 ms - 111[0m
[0mGET /api/orders/679aa3eacaef485b066b7d22 [31m500[0m 2.093 ms - 111[0m
[0mGET /api/orders/679aa3eacaef485b066b7d22 [31m500[0m 2.389 ms - 111[0m
[0mGET /api/orders/679aa3eacaef485b066b7d22 [31m500[0m 1.368 ms - 111[0m
[0mGET /api/orders/679aa3eacaef485b066b7d22 [31m500[0m 2.200 ms - 111[0m
[0mGET /api/orders/679aa3eacaef485b066b7d22 [31m500[0m 1.804 ms - 111[0m
[0mGET /api/orders/679aa3eacaef485b066b7d22 [31m500[0m 2.378 ms - 111[0m
[0mGET /api/orders/679aa3eacaef485b066b7d22 [31m500[0m 2.248 ms - 111[0m
[0mGET /api/orders/679aa3eacaef485b066b7d22 [31m500[0m 2.183 ms - 111[0m
[0mGET /api/orders/679aa3eacaef485b066b7d22 [31m500[0m 2.876 ms - 111[0m
[0mGET /api/orders/679aa3eacaef485b066b7d22 [31m500[0m 2.406 ms - 111[0m
[0mGET /api/orders/679aa3eacaef485b066b7d22 [31m500[0m 1.925 ms - 111[0m
[0mGET /api/orders/679aa3eacaef485b066b7d22 [31m500[0m 2.011 ms - 111[0m
[0mGET /api/orders/679aa3eacaef485b066b7d22 [31m500[0m 1.982 ms - 111[0m
[0mGET /api/orders/679aa3eacaef485b066b7d22 [31m500[0m 2.185 ms - 111[0m
[0mGET /api/orders/679aa3eacaef485b066b7d22 [31m500[0m 2.291 ms - 111[0m
[0mPOST /api/auth/login [32m200[0m 484.190 ms - 752[0m
[0mGET /api/products [36m304[0m 108.813 ms - -[0m
[0mGET /api/products [36m304[0m 107.611 ms - -[0m
[0mGET /api/products [36m304[0m 108.876 ms - -[0m
[0mGET /api/products [36m304[0m 101.004 ms - -[0m
[0mGET /api/customers/profile [36m304[0m 108.661 ms - -[0m
[0mGET /api/customers/profile [36m304[0m 111.614 ms - -[0m
[0mGET /api/orders/679aa3eacaef485b066b7d22 [31m500[0m 3.044 ms - 111[0m
[0mGET /api/orders/679aa3eacaef485b066b7d22 [31m500[0m 7.014 ms - 111[0m
[0mGET /api/orders/679aa3eacaef485b066b7d22 [31m500[0m 1.277 ms - 111[0m
[0mGET /api/orders/679aa3eacaef485b066b7d22 [31m500[0m 1.445 ms - 111[0m
[0mPOST /api/auth/login [32m200[0m 492.365 ms - 752[0m
[0mGET /api/products [36m304[0m 106.465 ms - -[0m
[0mGET /api/products [36m304[0m 100.750 ms - -[0m
[0mGET /api/products [36m304[0m 102.964 ms - -[0m
[0mGET /api/products [36m304[0m 129.055 ms - -[0m
[0mGET /api/orders/679aa3eacaef485b066b7d22 [31m500[0m 11.589 ms - 111[0m
[0mGET /api/orders/679aa3eacaef485b066b7d22 [31m500[0m 1.620 ms - 111[0m
[0mGET /api/customers/profile [36m304[0m 108.317 ms - -[0m
[0mGET /api/customers/profile [36m304[0m 119.453 ms - -[0m
[0mGET /api/orders/679aa3eacaef485b066b7d22 [31m500[0m 2.582 ms - 111[0m
[0mGET /api/orders/679aa3eacaef485b066b7d22 [31m500[0m 2.294 ms - 111[0m
[0mGET /api/orders/679aa3eacaef485b066b7d22 [31m500[0m 2.569 ms - 111[0m
[0mGET /api/orders/679aa3eacaef485b066b7d22 [31m500[0m 3.861 ms - 111[0m
[0mPOST /api/auth/login [32m200[0m 522.501 ms - 752[0m
[0mGET /api/products [36m304[0m 112.618 ms - -[0m
[0mGET /api/products [36m304[0m 102.468 ms - -[0m
[0mGET /api/products [36m304[0m 109.133 ms - -[0m
[0mGET /api/products [36m304[0m 104.555 ms - -[0m
[0mGET /api/customers/profile [36m304[0m 117.137 ms - -[0m
[0mGET /api/customers/profile [36m304[0m 109.102 ms - -[0m
[0mGET /api/orders/679aa3eacaef485b066b7d22 [33m404[0m 2.478 ms - 32[0m
[0mGET /api/orders/679aa3eacaef485b066b7d22 [33m404[0m 0.880 ms - 32[0m
[0mPOST /api/auth/login [32m200[0m 404.008 ms - 752[0m
[0mGET /api/orders [33m401[0m 1.416 ms - 28[0m
[0mGET /api/orders [33m401[0m 0.340 ms - 29[0m
[0mPOST /api/auth/login [32m200[0m 394.611 ms - 752[0m
[0mGET /api/orders [31m500[0m 1.384 ms - 111[0m
[0mGET /api/orders [32m200[0m 113.940 ms - 2[0m
[0mPOST /api/auth/login [32m200[0m 413.550 ms - 752[0m
[0mGET /api/orders/679aa3eacaef485b066b7d22 [33m404[0m 2.924 ms - 32[0m
[0mGET /api/orders/679aa3eacaef485b066b7d22 [33m404[0m 0.695 ms - 32[0m
[0mGET /api/customers/profile [36m304[0m 94.930 ms - -[0m
[0mGET /api/customers/profile [36m304[0m 92.167 ms - -[0m
[0mGET /api/orders/679aa3eacaef485b066b7d22 [33m404[0m 0.443 ms - 32[0m
[0mGET /api/orders/679aa3eacaef485b066b7d22 [33m404[0m 0.593 ms - 32[0m
[0mGET /api/orders [32m200[0m 114.932 ms - 2[0m
[0mPOST /api/auth/login [32m200[0m 381.470 ms - 752[0m
[0mGET /api/orders [32m200[0m 97.717 ms - 2[0m
[0mPOST /api/auth/login [32m200[0m 453.663 ms - 752[0m
[0mGET /api/products [36m304[0m 101.303 ms - -[0m
[0mGET /api/products [36m304[0m 100.463 ms - -[0m
[0mGET /api/products [36m304[0m 96.251 ms - -[0m
[0mGET /api/products [36m304[0m 95.037 ms - -[0m
[0mGET /api/orders/ [32m200[0m 119.228 ms - 2[0m
[0mGET /api/orders/ [36m304[0m 102.863 ms - -[0m
[0mGET /api/customers/profile [36m304[0m 108.403 ms - -[0m
[0mGET /api/customers/profile [36m304[0m 110.949 ms - -[0m
[0mGET /api/orders/ [36m304[0m 112.258 ms - -[0m
[0mGET /api/orders/ [36m304[0m 107.680 ms - -[0m
[0mGET /api/products [36m304[0m 125.653 ms - -[0m
[0mGET /api/products [36m304[0m 100.341 ms - -[0m
[0mGET /api/products [36m304[0m 95.427 ms - -[0m
[0mGET /api/products [36m304[0m 99.464 ms - -[0m
[0mGET /api/orders/ [36m304[0m 100.484 ms - -[0m
[0mGET /api/orders/ [36m304[0m 97.287 ms - -[0m
[0mGET /api/customers/profile [36m304[0m 106.474 ms - -[0m
[0mGET /api/customers/profile [36m304[0m 99.210 ms - -[0m
[0mGET /api/orders/ [36m304[0m 103.231 ms - -[0m
[0mGET /api/orders/ [36m304[0m 102.285 ms - -[0m
[0mGET /api/products [36m304[0m 107.444 ms - -[0m
[0mGET /api/products [36m304[0m 99.119 ms - -[0m
[0mPOST /api/orders/realizar [33m400[0m 7.186 ms - 76[0m
[0mGET /api/orders/ [36m304[0m 109.137 ms - -[0m
[0mGET /api/orders/ [36m304[0m 99.293 ms - -[0m
[0mPOST /api/auth/login [32m200[0m 410.476 ms - 752[0m
[0mPOST /api/orders/realizar [32m201[0m 660.151 ms - 442[0m
[0mGET /api/orders/ [36m304[0m 104.194 ms - -[0m
[0mGET /api/orders/ [36m304[0m 100.616 ms - -[0m
[0mGET /api/customers/profile [36m304[0m 103.168 ms - -[0m
[0mGET /api/customers/profile [36m304[0m 99.938 ms - -[0m
[0mGET /api/orders/ [36m304[0m 102.992 ms - -[0m
[0mGET /api/orders/ [36m304[0m 99.068 ms - -[0m
[0mGET /api/products [32m200[0m 99.103 ms - 1300[0m
[0mGET /api/products [36m304[0m 108.910 ms - -[0m
[0mGET /api/products [36m304[0m 107.393 ms - -[0m
[0mGET /api/products [36m304[0m 95.164 ms - -[0m
[0mGET /api/orders/ [36m304[0m 115.878 ms - -[0m
[0mGET /api/orders/ [36m304[0m 98.747 ms - -[0m
[0mPOST /api/auth/login [32m200[0m 385.478 ms - 749[0m
[0mGET /api/customers/all [32m200[0m 102.907 ms - 882[0m
[0mGET /api/customers/all [36m304[0m 103.506 ms - -[0m
[0mGET /api/products [36m304[0m 98.520 ms - -[0m
[0mGET /api/products [36m304[0m 105.459 ms - -[0m
[0mGET /api/orders/all [32m200[0m 101.564 ms - 783[0m
[0mGET /api/orders/all [36m304[0m 100.842 ms - -[0m
[0mGET /api/orders/all [32m200[0m 98.956 ms - 2[0m
[0mGET /api/orders/all [36m304[0m 100.855 ms - -[0m
[0mGET /api/products [36m304[0m 110.250 ms - -[0m
[0mGET /api/products [36m304[0m 99.997 ms - -[0m
[0mGET /api/products [32m200[0m 100.739 ms - 1300[0m
[0mGET /api/products [36m304[0m 97.037 ms - -[0m
[0mGET /api/customers/all [36m304[0m 109.650 ms - -[0m
[0mGET /api/customers/all [36m304[0m 98.164 ms - -[0m
[0mGET /api/orders/all [36m304[0m 101.660 ms - -[0m
[0mGET /api/orders/all [36m304[0m 111.738 ms - -[0m
[0mPOST /api/orders/realizar [32m201[0m 618.151 ms - 442[0m
[0mGET /api/orders/all [32m200[0m 102.548 ms - 392[0m
[0mGET /api/orders/all [36m304[0m 104.863 ms - -[0m
[0mGET /api/products [32m200[0m 102.679 ms - 1300[0m
[0mGET /api/products [36m304[0m 107.420 ms - -[0m
[0mGET /api/orders/all [36m304[0m 101.715 ms - -[0m
[0mGET /api/orders/all [36m304[0m 109.917 ms - -[0m
[0mGET /api/products [36m304[0m 100.966 ms - -[0m
[0mGET /api/products [36m304[0m 98.714 ms - -[0m
[0mGET /api/orders/all [36m304[0m 106.510 ms - -[0m
[0mGET /api/orders/all [36m304[0m 100.413 ms - -[0m
[0mGET /api/products [36m304[0m 101.792 ms - -[0m
[0mGET /api/products [36m304[0m 100.853 ms - -[0m
[0mGET /api/orders/all [36m304[0m 101.956 ms - -[0m
[0mGET /api/orders/all [36m304[0m 101.742 ms - -[0m
[0mGET /api/products [36m304[0m 101.375 ms - -[0m
[0mGET /api/products [36m304[0m 97.591 ms - -[0m
[0mGET /api/orders/all [36m304[0m 102.069 ms - -[0m
[0mGET /api/orders/all [36m304[0m 107.683 ms - -[0m
[0mGET /api/products [36m304[0m 107.206 ms - -[0m
[0mGET /api/products [36m304[0m 94.305 ms - -[0m
[0mGET /api/customers/all [36m304[0m 101.075 ms - -[0m
[0mGET /api/customers/all [36m304[0m 104.191 ms - -[0m
[0mGET /api/products [36m304[0m 103.294 ms - -[0m
[0mGET /api/products [36m304[0m 101.040 ms - -[0m
[0mGET /api/orders/all [36m304[0m 98.942 ms - -[0m
[0mGET /api/orders/all [36m304[0m 97.195 ms - -[0m
[0mGET /api/products [36m304[0m 99.739 ms - -[0m
[0mGET /api/products [36m304[0m 107.280 ms - -[0m
[0mGET /api/customers/all [36m304[0m 95.168 ms - -[0m
[0mGET /api/customers/all [36m304[0m 105.865 ms - -[0m
[0mGET /api/orders/all [36m304[0m 108.342 ms - -[0m
[0mGET /api/orders/all [36m304[0m 101.344 ms - -[0m
[0mPOST /api/products/agregar [32m201[0m 131.454 ms - 771[0m
[0mGET /api/customers/all [36m304[0m 100.495 ms - -[0m
[0mGET /api/customers/all [36m304[0m 102.317 ms - -[0m
[0mGET /api/products [32m200[0m 97.829 ms - 2017[0m
[0mGET /api/products [36m304[0m 96.109 ms - -[0m
[0mPOST /api/products/agregar [32m201[0m 120.563 ms - 685[0m
[0mGET /api/products [32m200[0m 98.106 ms - 2648[0m
[0mGET /api/products [36m304[0m 100.142 ms - -[0m
[0mPOST /api/products/agregar [32m201[0m 114.890 ms - 683[0m
[0mGET /api/products [32m200[0m 102.899 ms - 3277[0m
[0mGET /api/products [36m304[0m 103.990 ms - -[0m
[0mPOST /api/products/agregar [32m201[0m 103.288 ms - 664[0m
[0mGET /api/products [32m200[0m 99.355 ms - 3887[0m
[0mGET /api/products [36m304[0m 100.654 ms - -[0m
[0mGET /api/orders/all [32m200[0m 105.201 ms - 2[0m
[0mGET /api/orders/all [36m304[0m 98.648 ms - -[0m
[0mGET /api/products [32m200[0m 100.268 ms - 2588[0m
[0mGET /api/products [36m304[0m 95.424 ms - -[0m
[0mGET /api/customers/all [36m304[0m 104.730 ms - -[0m
[0mGET /api/customers/all [36m304[0m 101.715 ms - -[0m
[0mPOST /api/products/agregar [32m201[0m 158.869 ms - 689[0m
[0mGET /api/products [32m200[0m 101.331 ms - 3223[0m
[0mGET /api/products [36m304[0m 99.793 ms - -[0m
[0mGET /api/customers/all [36m304[0m 120.100 ms - -[0m
[0mGET /api/customers/all [36m304[0m 104.158 ms - -[0m
[0mPOST /api/products/agregar [32m201[0m 105.807 ms - 729[0m
[0mGET /api/products [32m200[0m 100.364 ms - 3898[0m
[0mGET /api/products [36m304[0m 97.672 ms - -[0m
[0mGET /api/customers/all [36m304[0m 117.882 ms - -[0m
[0mGET /api/customers/all [36m304[0m 109.267 ms - -[0m
[0mGET /api/orders/all [36m304[0m 102.611 ms - -[0m
[0mGET /api/orders/all [36m304[0m 98.300 ms - -[0m
[0mGET /api/products [36m304[0m 100.073 ms - -[0m
[0mGET /api/products [36m304[0m 100.408 ms - -[0m
[0mGET /api/orders/all [36m304[0m 103.832 ms - -[0m
[0mGET /api/orders/all [36m304[0m 97.281 ms - -[0m
[0mPOST /api/auth/login [32m200[0m 397.046 ms - 752[0m
[0mPOST /api/orders/realizar [33m400[0m 101.233 ms - 103[0m
[0mGET /api/orders [32m200[0m 102.049 ms - 2[0m
[0mGET /api/orders/679aa3eacaef485b066b7d22 [33m404[0m 0.622 ms - 32[0m
[0mGET /api/customers/all [36m304[0m 101.692 ms - -[0m
[0mGET /api/customers/all [36m304[0m 100.031 ms - -[0m
[0mGET /api/orders/all [36m304[0m 104.832 ms - -[0m
[0mGET /api/orders/all [36m304[0m 108.618 ms - -[0m
[0mPOST /api/orders/realizar [32m201[0m 602.537 ms - 442[0m
[0mGET /api/orders/all [32m200[0m 103.513 ms - 392[0m
[0mGET /api/orders/all [36m304[0m 101.687 ms - -[0m
[0mGET /api/products [32m200[0m 110.168 ms - 3898[0m
[0mGET /api/products [36m304[0m 148.652 ms - -[0m
[0mGET /api/products [32m200[0m 101.664 ms - 3898[0m
[0mGET /api/products [36m304[0m 98.686 ms - -[0m
[0mGET /api/customers/all [36m304[0m 104.645 ms - -[0m
[0mGET /api/customers/all [36m304[0m 101.485 ms - -[0m
[0mGET /api/products [36m304[0m 109.101 ms - -[0m
[0mGET /api/products [36m304[0m 99.151 ms - -[0m
[0mGET /api/orders/all [36m304[0m 101.768 ms - -[0m
[0mGET /api/orders/all [36m304[0m 107.891 ms - -[0m
[0mGET /api/orders/all [36m304[0m 103.375 ms - -[0m
[0mGET /api/orders/all [36m304[0m 99.476 ms - -[0m
[0mGET /api/products [36m304[0m 101.617 ms - -[0m
[0mGET /api/products [36m304[0m 98.924 ms - -[0m
[0mGET /api/customers/all [36m304[0m 100.114 ms - -[0m
[0mGET /api/customers/all [36m304[0m 101.330 ms - -[0m
[0mGET /api/orders/all [36m304[0m 101.245 ms - -[0m
[0mGET /api/orders/all [36m304[0m 100.380 ms - -[0m
[0mGET /api/customers/all [36m304[0m 103.500 ms - -[0m
[0mGET /api/customers/all [36m304[0m 103.466 ms - -[0m
[0mGET /api/customers/all [36m304[0m 99.523 ms - -[0m
[0mGET /api/customers/all [36m304[0m 98.380 ms - -[0m
[0mGET /api/customers/all [36m304[0m 113.705 ms - -[0m
[0mGET /api/customers/all [36m304[0m 100.229 ms - -[0m
[0mGET /api/customers/all [36m304[0m 130.401 ms - -[0m
[0mGET /api/customers/all [36m304[0m 104.203 ms - -[0m
[0mGET /api/products [36m304[0m 109.297 ms - -[0m
[0mGET /api/products [36m304[0m 100.575 ms - -[0m
[0mGET /api/orders/all [36m304[0m 104.525 ms - -[0m
[0mGET /api/orders/all [36m304[0m 105.343 ms - -[0m
[0mGET /api/orders/all [36m304[0m 130.237 ms - -[0m
[0mGET /api/orders/all [36m304[0m 92.577 ms - -[0m
[0mGET /api/products [36m304[0m 99.737 ms - -[0m
[0mGET /api/products [36m304[0m 85.694 ms - -[0m
[0mGET /api/customers/all [36m304[0m 94.612 ms - -[0m
[0mGET /api/customers/all [36m304[0m 88.319 ms - -[0m
[0mPOST /api/auth/login [32m200[0m 361.465 ms - 752[0m
[0mPOST /api/orders/realizar [33m400[0m 540.820 ms - 71[0m
[0mPOST /api/auth/login [32m200[0m 457.545 ms - 752[0m
[0mGET /api/products [32m200[0m 102.468 ms - 3898[0m
[0mGET /api/products [36m304[0m 100.508 ms - -[0m
[0mGET /api/products [36m304[0m 99.208 ms - -[0m
[0mGET /api/products [36m304[0m 102.593 ms - -[0m
[0mGET /api/orders/ [36m304[0m 112.601 ms - -[0m
[0mGET /api/orders/ [36m304[0m 100.905 ms - -[0m
[0mGET /api/customers/profile [36m304[0m 103.399 ms - -[0m
[0mGET /api/customers/profile [36m304[0m 103.494 ms - -[0m
[0mGET /api/orders/ [36m304[0m 101.273 ms - -[0m
[0mGET /api/orders/ [36m304[0m 109.709 ms - -[0m
[0mGET /api/products [36m304[0m 109.079 ms - -[0m
[0mGET /api/products [36m304[0m 100.130 ms - -[0m
[0mPOST /api/auth/login [32m200[0m 396.120 ms - 749[0m
[0mGET /api/customers/all [36m304[0m 123.201 ms - -[0m
[0mGET /api/customers/all [36m304[0m 99.600 ms - -[0m
[0mGET /api/customers/all [36m304[0m 113.992 ms - -[0m
[0mGET /api/customers/all [36m304[0m 116.631 ms - -[0m
[0mGET /api/customers/all [36m304[0m 101.093 ms - -[0m
[0mGET /api/customers/all [36m304[0m 98.951 ms - -[0m
[0mGET /api/customers/all [36m304[0m 100.870 ms - -[0m
[0mGET /api/products [36m304[0m 102.809 ms - -[0m
[0mGET /api/products [36m304[0m 99.033 ms - -[0m
[0mGET /api/orders/all [32m200[0m 109.903 ms - 392[0m
[0mGET /api/orders/all [36m304[0m 104.810 ms - -[0m
[0mPOST /api/auth/login [32m200[0m 411.937 ms - 752[0m
[0mGET /api/products [36m304[0m 106.461 ms - -[0m
[0mGET /api/products [36m304[0m 103.065 ms - -[0m
[0mGET /api/customers/profile [36m304[0m 107.829 ms - -[0m
[0mGET /api/customers/profile [36m304[0m 110.445 ms - -[0m
[0mGET /api/orders/ [36m304[0m 101.730 ms - -[0m
[0mGET /api/orders/ [36m304[0m 97.348 ms - -[0m
[0mGET /api/products [36m304[0m 106.370 ms - -[0m
[0mGET /api/products [36m304[0m 99.889 ms - -[0m
[0mPOST /api/auth/login [32m200[0m 379.068 ms - 749[0m
[0mGET /api/customers/all [36m304[0m 104.498 ms - -[0m
[0mGET /api/customers/all [36m304[0m 99.547 ms - -[0m
[0mGET /api/orders/all [36m304[0m 105.144 ms - -[0m
[0mGET /api/orders/all [36m304[0m 100.189 ms - -[0m
[0mGET /api/customers/all [36m304[0m 100.997 ms - -[0m
[0mGET /api/customers/all [36m304[0m 100.744 ms - -[0m
[0mPOST /api/auth/login [32m200[0m 404.383 ms - 752[0m
[0mPOST /api/orders/realizar [32m201[0m 630.793 ms - 442[0m
[0mGET /api/customers/all [36m304[0m 99.959 ms - -[0m
[0mGET /api/customers/all [36m304[0m 103.931 ms - -[0m
[0mGET /api/orders/all [32m200[0m 100.414 ms - 392[0m
[0mGET /api/orders/all [36m304[0m 111.572 ms - -[0m
[0mGET /api/products [32m200[0m 102.185 ms - 3898[0m
[0mGET /api/products [36m304[0m 108.638 ms - -[0m
[0mGET /api/customers/all [33m401[0m 1.570 ms - 28[0m
[0mGET /api/customers/all [33m403[0m 2.041 ms - 60[0m
[0mGET /api/orders/all [36m304[0m 109.663 ms - -[0m
[0mGET /api/orders/all [36m304[0m 101.124 ms - -[0m
[0mGET /api/customers/all [36m304[0m 110.294 ms - -[0m
[0mGET /api/customers/all [36m304[0m 99.712 ms - -[0m
[0mGET /api/customers/all [36m304[0m 114.756 ms - -[0m
[0mGET /api/customers/all [36m304[0m 100.537 ms - -[0m
[0mGET /api/products [36m304[0m 105.853 ms - -[0m
[0mGET /api/products [36m304[0m 99.102 ms - -[0m
[0mGET /api/orders/all [36m304[0m 96.959 ms - -[0m
[0mGET /api/orders/all [36m304[0m 99.235 ms - -[0m
[0mPOST /api/auth/login [32m200[0m 436.984 ms - 752[0m
[0mGET /api/orders/ [36m304[0m 98.197 ms - -[0m
[0mGET /api/orders/ [36m304[0m 107.798 ms - -[0m
[0mGET /api/customers/profile [36m304[0m 97.523 ms - -[0m
[0mGET /api/customers/profile [36m304[0m 108.061 ms - -[0m
[0mGET /api/products [36m304[0m 101.066 ms - -[0m
[0mGET /api/products [36m304[0m 108.459 ms - -[0m
[0mGET /api/products [36m304[0m 117.509 ms - -[0m
[0mGET /api/products [36m304[0m 98.933 ms - -[0m
[0mGET /api/orders/ [36m304[0m 104.774 ms - -[0m
[0mGET /api/orders/ [36m304[0m 106.149 ms - -[0m
[0mGET /api/customers/profile [36m304[0m 108.760 ms - -[0m
[0mGET /api/customers/profile [36m304[0m 104.417 ms - -[0m
[0mGET /api/products [36m304[0m 110.004 ms - -[0m
[0mGET /api/products [36m304[0m 105.804 ms - -[0m
[0mGET /api/products [36m304[0m 98.286 ms - -[0m
[0mGET /api/products [36m304[0m 99.130 ms - -[0m
[0mPOST /api/auth/login [32m200[0m 432.998 ms - 752[0m
[0mGET /api/products [32m200[0m 99.479 ms - 3898[0m
[0mGET /api/products [36m304[0m 92.217 ms - -[0m
[0mPOST /api/auth/login [32m200[0m 348.598 ms - 752[0m
[0mPOST /api/orders/realizar [32m201[0m 563.385 ms - 442[0m
[0mGET /api/products [32m200[0m 97.736 ms - 3898[0m
[0mGET /api/products [36m304[0m 87.362 ms - -[0m
[0mGET /api/orders/ [36m304[0m 91.125 ms - -[0m
[0mGET /api/orders/ [36m304[0m 86.352 ms - -[0m
[0mPOST /api/auth/login [33m400[0m 96.893 ms - 41[0m
[0mPOST /api/auth/login [32m200[0m 364.250 ms - 749[0m
[0mGET /api/customers/all [36m304[0m 102.904 ms - -[0m
[0mGET /api/customers/all [36m304[0m 92.064 ms - -[0m
[0mGET /api/products [36m304[0m 94.730 ms - -[0m
[0mGET /api/products [36m304[0m 89.069 ms - -[0m
[0mGET /api/orders/all [33m401[0m 1.353 ms - 28[0m
[0mPOST /api/auth/login [32m200[0m 344.751 ms - 749[0m
[0mGET /api/orders/all [32m200[0m 88.817 ms - 392[0m
[0mDELETE /api/orders/679d12328572d3c76a66e3d6 [33m401[0m 1.702 ms - 28[0m
[0mDELETE /api/orders/679d12328572d3c76a66e3d6 [32m200[0m 383.563 ms - 43[0m
[0mGET /api/products [32m200[0m 89.940 ms - 3898[0m
[0mGET /api/products [36m304[0m 88.052 ms - -[0m
[0mGET /api/orders/all [32m200[0m 90.188 ms - 2[0m
[0mGET /api/orders/all [36m304[0m 100.614 ms - -[0m
[0mGET /api/products [36m304[0m 97.885 ms - -[0m
[0mGET /api/products [36m304[0m 88.780 ms - -[0m
[0mGET /api/products [36m304[0m 92.283 ms - -[0m
[0mGET /api/products [36m304[0m 89.395 ms - -[0m
[0mGET /api/products [36m304[0m 87.435 ms - -[0m
[0mGET /api/products [36m304[0m 101.187 ms - -[0m
[0mPOST /api/auth/login [32m200[0m 440.570 ms - 752[0m
[0mPOST /api/orders/realizar [32m201[0m 605.206 ms - 442[0m
[0mPOST /api/auth/login [32m200[0m 426.248 ms - 749[0m
[0mGET /api/customers/all [36m304[0m 101.404 ms - -[0m
[0mGET /api/customers/all [36m304[0m 107.071 ms - -[0m
[0mGET /api/products [32m200[0m 99.299 ms - 3898[0m
[0mGET /api/products [36m304[0m 98.894 ms - -[0m
[0mGET /api/customers/all [36m304[0m 99.215 ms - -[0m
[0mGET /api/customers/all [36m304[0m 115.520 ms - -[0m
[0mGET /api/products [36m304[0m 100.487 ms - -[0m
[0mGET /api/products [36m304[0m 98.798 ms - -[0m
[0mGET /api/orders/all [32m200[0m 105.956 ms - 392[0m
[0mGET /api/orders/all [36m304[0m 101.582 ms - -[0m
[0mGET /api/products [36m304[0m 101.955 ms - -[0m
[0mGET /api/products [36m304[0m 136.404 ms - -[0m
[0mGET /api/products [36m304[0m 99.867 ms - -[0m
[0mGET /api/products [36m304[0m 104.620 ms - -[0m
[0mPOST /api/auth/login [32m200[0m 400.132 ms - 749[0m
[0mGET /api/customers/all [36m304[0m 92.503 ms - -[0m
[0mGET /api/customers/all [36m304[0m 89.202 ms - -[0m
[0mGET /api/products [32m200[0m 99.941 ms - 3898[0m
[0mGET /api/products [36m304[0m 87.113 ms - -[0m
[0mGET /api/orders/all [32m200[0m 103.575 ms - 2[0m
[0mGET /api/orders/all [36m304[0m 87.277 ms - -[0m
[0mPOST /api/auth/login [32m200[0m 370.829 ms - 752[0m
[0mPOST /api/orders/realizar [32m201[0m 365.200 ms - 442[0m
[0mGET /api/products [32m200[0m 97.179 ms - 3898[0m
[0mGET /api/products [36m304[0m 90.462 ms - -[0m
[0mGET /api/orders/all [32m200[0m 97.818 ms - 392[0m
[0mGET /api/orders/all [36m304[0m 99.771 ms - -[0m
[0mGET /api/products [36m304[0m 90.669 ms - -[0m
[0mGET /api/products [36m304[0m 85.880 ms - -[0m
[0mGET /api/customers/all [36m304[0m 104.061 ms - -[0m
[0mGET /api/customers/all [36m304[0m 97.774 ms - -[0m
[0mGET /api/products [36m304[0m 91.075 ms - -[0m
[0mGET /api/products [36m304[0m 87.635 ms - -[0m
[0mGET /api/products [36m304[0m 91.169 ms - -[0m
[0mGET /api/products [36m304[0m 94.248 ms - -[0m
[0mPOST /api/auth/login [32m200[0m 349.463 ms - 749[0m
[0mGET /api/orders/all [32m200[0m 98.638 ms - 392[0m
[0mDELETE /api/orders/679d1889a619a54587ffbbad [32m200[0m 363.573 ms - 43[0m
[0mGET /api/products [32m200[0m 95.343 ms - 3898[0m
[0mGET /api/products [36m304[0m 97.344 ms - -[0m
[0mGET /api/orders/all [32m200[0m 90.023 ms - 2[0m
[0mGET /api/orders/all [36m304[0m 90.752 ms - -[0m
[0mGET /api/orders/all [36m304[0m 89.645 ms - -[0m
[0mGET /api/orders/all [36m304[0m 98.769 ms - -[0m
[0mGET /api/products [36m304[0m 89.647 ms - -[0m
[0mGET /api/products [36m304[0m 90.502 ms - -[0m
[0mPOST /api/auth/login [32m200[0m 364.084 ms - 752[0m
[0mPOST /api/orders/realizar [32m201[0m 376.088 ms - 442[0m
[0mGET /api/products [32m200[0m 99.162 ms - 3898[0m
[0mGET /api/products [36m304[0m 86.165 ms - -[0m
[0mGET /api/orders/all [32m200[0m 90.057 ms - 392[0m
[0mGET /api/orders/all [36m304[0m 88.929 ms - -[0m
[0mGET /api/customers/all [36m304[0m 87.933 ms - -[0m
[0mGET /api/customers/all [36m304[0m 91.949 ms - -[0m
[0mGET /api/orders/all [36m304[0m 94.770 ms - -[0m
[0mGET /api/orders/all [36m304[0m 91.720 ms - -[0m
[0mGET /api/orders/all [36m304[0m 89.969 ms - -[0m
[0mGET /api/orders/all [36m304[0m 96.426 ms - -[0m
[0mPOST /api/auth/login [32m200[0m 422.686 ms - 749[0m
[0mGET /api/products [36m304[0m 101.751 ms - -[0m
[0mGET /api/products [36m304[0m 86.794 ms - -[0m
[0mGET /api/orders/all [36m304[0m 100.523 ms - -[0m
[0mGET /api/orders/all [36m304[0m 100.628 ms - -[0m
[0mGET /api/orders/all [36m304[0m 96.425 ms - -[0m
[0mGET /api/orders/all [36m304[0m 90.758 ms - -[0m
[0mPOST /api/auth/login [32m200[0m 446.937 ms - 749[0m
[0mGET /api/products [36m304[0m 105.478 ms - -[0m
[0mGET /api/products [36m304[0m 101.282 ms - -[0m
[0mGET /api/orders/all [32m200[0m 110.213 ms - 452[0m
[0mGET /api/orders/all [32m200[0m 99.721 ms - 452[0m
[0mGET /api/orders/all [32m200[0m 110.774 ms - 452[0m
[0mGET /api/orders/all [32m200[0m 107.172 ms - 452[0m
[0mGET /api/products [32m200[0m 113.171 ms - 3898[0m
[0mGET /api/orders/all [32m200[0m 113.466 ms - 452[0m
[0mGET /api/orders/all [32m200[0m 104.144 ms - 452[0m
[0mGET /api/orders/all [32m200[0m 100.511 ms - 452[0m
[0mGET /api/orders/all [32m200[0m 111.893 ms - 452[0m
[0mPOST /api/auth/login [32m200[0m 441.302 ms - 752[0m
[0mGET /api/orders/ [36m304[0m 113.298 ms - -[0m
[0mGET /api/orders/ [36m304[0m 98.573 ms - -[0m
[0mGET /api/products [36m304[0m 105.419 ms - -[0m
[0mGET /api/products [36m304[0m 97.639 ms - -[0m
[0mGET /api/customers/profile [36m304[0m 102.137 ms - -[0m
[0mGET /api/customers/profile [36m304[0m 99.739 ms - -[0m
[0mGET /api/orders/ [36m304[0m 107.969 ms - -[0m
[0mGET /api/orders/ [36m304[0m 98.445 ms - -[0m
[0mPOST /api/auth/login [32m200[0m 403.165 ms - 749[0m
[0mGET /api/orders/all [32m200[0m 110.290 ms - 510[0m
[0mGET /api/orders/all [32m200[0m 104.857 ms - 510[0m
[0mGET /api/products [36m304[0m 128.922 ms - -[0m
[0mGET /api/products [36m304[0m 100.587 ms - -[0m
[0mGET /api/orders/all [32m200[0m 115.620 ms - 510[0m
[0mGET /api/orders/all [32m200[0m 101.270 ms - 510[0m
[0mGET /api/orders/all [32m200[0m 106.816 ms - 510[0m
[0mGET /api/orders/all [32m200[0m 99.190 ms - 510[0m
[0mGET /api/products [36m304[0m 104.957 ms - -[0m
[0mGET /api/products [36m304[0m 100.651 ms - -[0m
[0mGET /api/orders/all [32m200[0m 112.580 ms - 510[0m
[0mGET /api/orders/all [32m200[0m 101.224 ms - 510[0m
[0mGET /api/products [36m304[0m 100.418 ms - -[0m
[0mGET /api/products [36m304[0m 107.110 ms - -[0m
[0mGET /api/customers/all [36m304[0m 100.272 ms - -[0m
[0mGET /api/customers/all [36m304[0m 96.446 ms - -[0m
[0mGET /api/customers/all [36m304[0m 112.686 ms - -[0m
[0mGET /api/customers/all [36m304[0m 98.809 ms - -[0m
[0mPOST /api/auth/login [32m200[0m 458.784 ms - 815[0m
[0mGET /api/customers/all [32m200[0m 209.128 ms - 1034[0m
[0mGET /api/customers/all [32m200[0m 206.118 ms - 1034[0m
[0mGET /api/products [36m304[0m 118.717 ms - -[0m
[0mGET /api/products [36m304[0m 102.617 ms - -[0m
[0mGET /api/customers/all [32m200[0m 206.866 ms - 1034[0m
[0mGET /api/customers/all [32m200[0m 195.525 ms - 1034[0m
[0mGET /api/products [36m304[0m 97.964 ms - -[0m
[0mGET /api/products [36m304[0m 101.746 ms - -[0m
[0mGET /api/customers/all [32m200[0m 216.154 ms - 1034[0m
[0mGET /api/customers/all [32m200[0m 201.856 ms - 1034[0m
[0mGET /api/products [36m304[0m 102.635 ms - -[0m
[0mGET /api/products [36m304[0m 109.956 ms - -[0m
[0mGET /api/customers/all [32m200[0m 204.284 ms - 1034[0m
[0mGET /api/customers/all [32m200[0m 196.247 ms - 1034[0m
[0mGET /api/products [36m304[0m 101.830 ms - -[0m
[0mGET /api/products [36m304[0m 104.758 ms - -[0m
[0mGET /api/customers/all [32m200[0m 197.703 ms - 1034[0m
[0mGET /api/customers/all [32m200[0m 198.216 ms - 1034[0m
[0mGET /api/products [36m304[0m 97.430 ms - -[0m
[0mGET /api/products [36m304[0m 102.253 ms - -[0m
[0mGET /api/orders/all [32m200[0m 100.906 ms - 510[0m
[0mGET /api/orders/all [32m200[0m 98.833 ms - 510[0m
[0mGET /api/products [36m304[0m 101.153 ms - -[0m
[0mGET /api/products [36m304[0m 101.815 ms - -[0m
[0mGET /api/orders/all [32m200[0m 106.086 ms - 510[0m
[0mGET /api/orders/all [32m200[0m 99.602 ms - 510[0m
[0mGET /api/customers/all [32m200[0m 194.047 ms - 1034[0m
[0mGET /api/customers/all [32m200[0m 194.108 ms - 1034[0m
[0mGET /api/products [36m304[0m 99.276 ms - -[0m
[0mGET /api/products [36m304[0m 96.408 ms - -[0m
[0mGET /api/orders/all [32m200[0m 101.585 ms - 510[0m
[0mGET /api/orders/all [32m200[0m 105.509 ms - 510[0m
[0mGET /api/products [36m304[0m 102.760 ms - -[0m
[0mGET /api/products [36m304[0m 99.395 ms - -[0m
[0mGET /api/orders/all [32m200[0m 105.454 ms - 510[0m
[0mGET /api/orders/all [32m200[0m 121.843 ms - 510[0m
[0mGET /api/customers/all [32m200[0m 203.097 ms - 1034[0m
[0mGET /api/customers/all [32m200[0m 198.578 ms - 1034[0m
[0mGET /api/products [36m304[0m 101.646 ms - -[0m
[0mGET /api/products [36m304[0m 99.266 ms - -[0m
[0mGET /api/customers/all [32m200[0m 194.468 ms - 1034[0m
[0mGET /api/customers/all [32m200[0m 192.922 ms - 1034[0m
[0mGET /api/products [36m304[0m 104.227 ms - -[0m
[0mGET /api/products [36m304[0m 104.450 ms - -[0m
[0mGET /api/customers/all [32m200[0m 204.853 ms - 1034[0m
[0mGET /api/customers/all [32m200[0m 191.320 ms - 1034[0m
[0mGET /api/products [36m304[0m 109.063 ms - -[0m
[0mGET /api/products [36m304[0m 97.572 ms - -[0m
[0mGET /api/orders/all [32m200[0m 100.103 ms - 510[0m
[0mGET /api/orders/all [32m200[0m 99.939 ms - 510[0m
[0mGET /api/customers/all [32m200[0m 215.546 ms - 1034[0m
[0mGET /api/customers/all [32m200[0m 194.674 ms - 1034[0m
[0mGET /api/customers/all [32m200[0m 208.499 ms - 1034[0m
[0mGET /api/customers/all [32m200[0m 226.100 ms - 1034[0m
[0mGET /api/customers/all [32m200[0m 1474.240 ms - 1034[0m
[0mGET /api/customers/all [32m200[0m 199.624 ms - 1034[0m
[0mGET /api/customers/all [32m200[0m 206.153 ms - 1034[0m
[0mGET /api/customers/all [32m200[0m 201.056 ms - 1034[0m
[0mPOST /api/auth/login [32m200[0m 455.764 ms - 815[0m
[0mGET /api/customers/all [32m200[0m 215.303 ms - 1034[0m
[0mGET /api/customers/all [32m200[0m 211.329 ms - 1034[0m
[0mGET /api/products [36m304[0m 108.171 ms - -[0m
[0mGET /api/products [36m304[0m 101.060 ms - -[0m
[0mGET /api/orders/all [32m200[0m 132.367 ms - 510[0m
[0mGET /api/orders/all [32m200[0m 112.066 ms - 510[0m
[0mGET /api/products [36m304[0m 102.569 ms - -[0m
[0mGET /api/products [36m304[0m 97.828 ms - -[0m
[0mGET /api/customers/all [32m200[0m 203.098 ms - 1034[0m
[0mGET /api/customers/all [32m200[0m 202.665 ms - 1034[0m
[0mPOST /api/auth/login [32m200[0m 421.570 ms - 818[0m
[0mGET /api/products [36m304[0m 101.569 ms - -[0m
[0mGET /api/products [36m304[0m 101.278 ms - -[0m
[0mGET /api/orders/ [36m304[0m 100.883 ms - -[0m
[0mGET /api/orders/ [36m304[0m 100.457 ms - -[0m
[0mGET /api/customers/profile [32m200[0m 216.793 ms - 342[0m
[0mGET /api/customers/profile [32m200[0m 196.216 ms - 342[0m
[0mGET /api/orders/ [36m304[0m 105.964 ms - -[0m
[0mGET /api/orders/ [36m304[0m 105.077 ms - -[0m
[0mGET /api/customers/profile [32m200[0m 200.899 ms - 342[0m
[0mGET /api/customers/profile [32m200[0m 205.781 ms - 342[0m
[0mGET /api/orders/ [36m304[0m 108.125 ms - -[0m
[0mGET /api/orders/ [36m304[0m 109.859 ms - -[0m
[0mGET /api/orders/user/679aa3eacaef485b066b7d22 [33m404[0m 1.551 ms - 32[0m
[0mGET /api/orders/user/679aa3eacaef485b066b7d22 [33m404[0m 0.533 ms - 32[0m
[0mGET /api/customers/profile [32m200[0m 216.706 ms - 342[0m
[0mGET /api/customers/profile [32m200[0m 194.804 ms - 342[0m
[0mGET /api/products [36m304[0m 99.550 ms - -[0m
[0mGET /api/products [36m304[0m 99.153 ms - -[0m
[0mGET /api/products [36m304[0m 99.214 ms - -[0m
[0mGET /api/products [36m304[0m 99.368 ms - -[0m
[0mGET /api/products [36m304[0m 109.490 ms - -[0m
[0mGET /api/products [36m304[0m 99.551 ms - -[0m
[0mGET /api/orders/user/679aa3eacaef485b066b7d22 [33m404[0m 0.375 ms - 32[0m
[0mGET /api/orders/user/679aa3eacaef485b066b7d22 [33m404[0m 0.291 ms - 32[0m
[0mGET /api/customers/profile [32m200[0m 213.974 ms - 342[0m
[0mGET /api/customers/profile [32m200[0m 207.957 ms - 342[0m
[0mPOST /api/auth/login [32m200[0m 415.325 ms - 818[0m
[0mGET /api/products [36m304[0m 105.562 ms - -[0m
[0mGET /api/products [36m304[0m 100.296 ms - -[0m
[0mGET /api/products [36m304[0m 103.267 ms - -[0m
[0mGET /api/products [36m304[0m 99.420 ms - -[0m
[0mGET /api/orders/user/679aa3eacaef485b066b7d22 [33m404[0m 110.981 ms - 57[0m
[0mGET /api/orders/user/679aa3eacaef485b066b7d22 [33m404[0m 101.817 ms - 57[0m
[0mGET /api/customers/profile [32m200[0m 206.667 ms - 342[0m
[0mGET /api/customers/profile [32m200[0m 204.146 ms - 342[0m
[0mGET /api/orders/user/679aa3eacaef485b066b7d22 [33m404[0m 101.233 ms - 57[0m
[0mGET /api/orders/user/679aa3eacaef485b066b7d22 [33m404[0m 101.303 ms - 57[0m
[0mGET /api/products [36m304[0m 97.373 ms - -[0m
[0mGET /api/products [36m304[0m 106.465 ms - -[0m
[0mGET /api/orders/user/679aa3eacaef485b066b7d22 [33m404[0m 106.865 ms - 57[0m
[0mGET /api/orders/user/679aa3eacaef485b066b7d22 [33m404[0m 101.013 ms - 57[0m
[0mGET /api/orders/user/679aa3eacaef485b066b7d22 [33m404[0m 118.076 ms - 57[0m
[0mGET /api/orders/user/679aa3eacaef485b066b7d22 [33m404[0m 102.218 ms - 57[0m
[0mPOST /api/auth/login [32m200[0m 446.637 ms - 818[0m
[0mGET /api/products [36m304[0m 112.407 ms - -[0m
[0mGET /api/products [36m304[0m 102.337 ms - -[0m
[0mGET /api/orders/user/679aa3eacaef485b066b7d22 [33m404[0m 110.791 ms - 57[0m
[0mGET /api/orders/user/679aa3eacaef485b066b7d22 [33m404[0m 101.765 ms - 57[0m
[0mGET /api/customers/profile [32m200[0m 230.547 ms - 342[0m
[0mGET /api/customers/profile [32m200[0m 207.010 ms - 342[0m
[0mGET /api/products [36m304[0m 116.216 ms - -[0m
[0mGET /api/products [36m304[0m 98.314 ms - -[0m
[0mGET /api/orders/user/679aa3eacaef485b066b7d22 [33m404[0m 110.588 ms - 57[0m
[0mGET /api/orders/user/679aa3eacaef485b066b7d22 [33m404[0m 101.058 ms - 57[0m
[0mGET /api/products [36m304[0m 105.823 ms - -[0m
[0mGET /api/products [36m304[0m 99.251 ms - -[0m
[0mGET /api/orders/user/679aa3eacaef485b066b7d22 [33m404[0m 106.525 ms - 57[0m
[0mGET /api/orders/user/679aa3eacaef485b066b7d22 [33m404[0m 97.533 ms - 57[0m
[0mGET /api/products [36m304[0m 146.164 ms - -[0m
[0mGET /api/products [36m304[0m 117.425 ms - -[0m
[0mGET /api/products [36m304[0m 98.844 ms - -[0m
[0mGET /api/products [36m304[0m 96.726 ms - -[0m
[0mGET /api/orders/user/679aa3eacaef485b066b7d22 [33m404[0m 109.401 ms - 57[0m
[0mGET /api/orders/user/679aa3eacaef485b066b7d22 [33m404[0m 97.675 ms - 57[0m
[0mGET /api/customers/profile [32m200[0m 217.267 ms - 342[0m
[0mGET /api/customers/profile [32m200[0m 193.012 ms - 342[0m
[0mGET /api/orders/user/679aa3eacaef485b066b7d22 [33m404[0m 104.252 ms - 57[0m
[0mGET /api/orders/user/679aa3eacaef485b066b7d22 [33m404[0m 102.308 ms - 57[0m
[0mGET /api/orders/user/679aa3eacaef485b066b7d22 [33m404[0m 108.839 ms - 57[0m
[0mGET /api/orders/user/679aa3eacaef485b066b7d22 [33m404[0m 99.001 ms - 57[0m
[0mGET /api/customers/profile [32m200[0m 207.070 ms - 342[0m
[0mGET /api/customers/profile [32m200[0m 205.711 ms - 342[0m
[0mGET /api/products [36m304[0m 102.523 ms - -[0m
[0mGET /api/products [36m304[0m 102.501 ms - -[0m
[0mGET /api/orders/user/679aa3eacaef485b066b7d22 [33m404[0m 99.718 ms - 57[0m
[0mGET /api/orders/user/679aa3eacaef485b066b7d22 [33m404[0m 98.726 ms - 57[0m
[0mPOST /api/auth/login [32m200[0m 423.165 ms - 818[0m
[0mGET /api/customers/profile [32m200[0m 191.770 ms - 342[0m
[0mGET /api/customers/profile [32m200[0m 185.525 ms - 342[0m
[0mGET /api/orders/user/679aa3eacaef485b066b7d22 [33m404[0m 1.372 ms - 32[0m
[0mGET /api/orders/user/679aa3eacaef485b066b7d22 [33m404[0m 0.992 ms - 32[0m
[0mGET /api/products [36m304[0m 105.398 ms - -[0m
[0mGET /api/products [36m304[0m 87.446 ms - -[0m
[0mGET /api/products [36m304[0m 91.853 ms - -[0m
[0mGET /api/products [36m304[0m 97.045 ms - -[0m
[0mGET /api/orders/user/679aa3eacaef485b066b7d22 [33m404[0m 0.695 ms - 32[0m
[0mGET /api/orders/user/679aa3eacaef485b066b7d22 [33m404[0m 0.481 ms - 32[0m
[0mGET /api/products [36m304[0m 92.829 ms - -[0m
[0mGET /api/products [36m304[0m 85.030 ms - -[0m
[0mGET /api/orders/user/679aa3eacaef485b066b7d22 [33m404[0m 0.584 ms - 32[0m
[0mGET /api/orders/user/679aa3eacaef485b066b7d22 [33m404[0m 0.571 ms - 32[0m
[0mGET /api/orders/user/679aa3eacaef485b066b7d22 [33m401[0m 6.660 ms - 28[0m
[0mPOST /api/auth/login [32m200[0m 428.772 ms - 818[0m
[0mGET /api/orders/user/679aa3eacaef485b066b7d22 [33m404[0m 114.870 ms - 57[0m
[0mGET /api/orders/user/679aa3eacaef485b066b7d22 [33m404[0m 101.173 ms - 57[0m
[0mPOST /api/auth/login [32m200[0m 429.735 ms - 818[0m
[0mGET /api/orders/user/679aa3eacaef485b066b7d22 [33m404[0m 107.960 ms - 57[0m
[0mPOST /api/auth/login [32m200[0m 409.887 ms - 818[0m
[0mGET /api/orders/user/679aa3eacaef485b066b7d22 [33m404[0m 105.013 ms - 57[0m
[0mGET /api/orders/user/679aa3eacaef485b066b7d22 [33m404[0m 95.337 ms - 57[0m
[0mPOST /api/auth/login [32m200[0m 434.504 ms - 818[0m
[0mGET /api/products [36m304[0m 102.058 ms - -[0m
[0mGET /api/products [36m304[0m 108.838 ms - -[0m
[0mGET /api/products [36m304[0m 99.703 ms - -[0m
[0mGET /api/products [36m304[0m 106.494 ms - -[0m
[0mGET /api/orders/679aa3eacaef485b066b7d22 [33m404[0m 119.673 ms - 34[0m
[0mGET /api/orders/679aa3eacaef485b066b7d22 [33m404[0m 106.388 ms - 34[0m
[0mGET /api/customers/profile [32m200[0m 264.409 ms - 342[0m
[0mGET /api/customers/profile [32m200[0m 220.300 ms - 342[0m
[0mGET /api/orders/user/679aa3eacaef485b066b7d22 [33m404[0m 0.473 ms - 32[0m
[0mGET /api/orders/679aa3eacaef485b066b7d22 [33m404[0m 100.278 ms - 34[0m
[0mGET /api/orders/679d1944a619a54587ffbbd7 [32m200[0m 105.916 ms - 508[0m
[0mGET /api/customers/profile [32m200[0m 227.396 ms - 342[0m
[0mGET /api/customers/profile [32m200[0m 198.460 ms - 342[0m
[0mGET /api/orders/679aa3eacaef485b066b7d22 [33m404[0m 99.177 ms - 34[0m
[0mGET /api/orders/679aa3eacaef485b066b7d22 [33m404[0m 97.644 ms - 34[0m
[0mGET /api/products [36m304[0m 103.851 ms - -[0m
[0mGET /api/products [36m304[0m 104.172 ms - -[0m
[0mGET /api/orders/679aa3eacaef485b066b7d22 [33m404[0m 96.882 ms - 34[0m
[0mGET /api/orders/679aa3eacaef485b066b7d22 [33m404[0m 97.839 ms - 34[0m
[0mGET /api/orders/679aa3eacaef485b066b7d22 [33m404[0m 99.452 ms - 34[0m
[0mGET /api/orders/679aa3eacaef485b066b7d22 [33m404[0m 98.146 ms - 34[0m
[0mGET /api/orders/679aa3eacaef485b066b7d22 [33m404[0m 109.230 ms - 34[0m
[0mGET /api/orders/679aa3eacaef485b066b7d22 [33m404[0m 101.501 ms - 34[0m
[0mGET /api/orders/679aa3eacaef485b066b7d22 [33m404[0m 123.085 ms - 34[0m
[0mGET /api/orders/679aa3eacaef485b066b7d22 [33m404[0m 108.554 ms - 34[0m
[0mPOST /api/auth/register [32m201[0m 352.201 ms - 46[0m
[0mPOST /api/auth/login [33m400[0m 199.079 ms - 41[0m
[0mPOST /api/auth/login [32m200[0m 398.836 ms - 787[0m
[0mPOST /api/auth/login [33m400[0m 175.185 ms - 41[0m
[0mPOST /api/auth/login [33m400[0m 195.913 ms - 41[0m
[0mPOST /api/auth/login [33m400[0m 188.236 ms - 41[0m
[0mPOST /api/auth/login [33m400[0m 206.625 ms - 41[0m
[0mPOST /api/auth/login [33m400[0m 186.455 ms - 41[0m
[0mGET /api/auth/login [33m404[0m 1.800 ms - 32[0m
[0mGET /favicon.ico [33m404[0m 1.079 ms - 32[0m
[0mPOST /api/auth/login [33m400[0m 185.054 ms - 41[0m
[0mPOST /api/auth/login [32m200[0m 374.285 ms - 787[0m
[0mPOST /api/auth/login [32m200[0m 350.422 ms - 787[0m
[0mPOST /api/auth/login [32m200[0m 408.690 ms - 787[0m
[0mGET /api/customers/profile [32m200[0m 206.803 ms - 326[0m
[0mGET /api/customers/profile [36m304[0m 217.512 ms - -[0m
[0mGET /api/products [36m304[0m 111.343 ms - -[0m
[0mGET /api/products [36m304[0m 97.723 ms - -[0m
[0mGET /api/products [36m304[0m 102.987 ms - -[0m
[0mGET /api/products [36m304[0m 102.869 ms - -[0m
[0mGET /api/orders/679d5d8aa4c5bcf0fb3a0697 [33m404[0m 101.071 ms - 34[0m
[0mGET /api/orders/679d5d8aa4c5bcf0fb3a0697 [33m404[0m 100.612 ms - 34[0m
[0mGET /api/customers/profile [36m304[0m 196.420 ms - -[0m
[0mGET /api/customers/profile [36m304[0m 214.980 ms - -[0m
[0mGET /api/orders/679d5d8aa4c5bcf0fb3a0697 [33m404[0m 100.035 ms - 34[0m
[0mGET /api/orders/679d5d8aa4c5bcf0fb3a0697 [33m404[0m 95.011 ms - 34[0m
[0mGET /api/orders/679d5d8aa4c5bcf0fb3a0697 [33m401[0m 0.559 ms - 53[0m
[0mPOST /api/auth/login [32m200[0m 410.870 ms - 787[0m
[0mGET /api/orders/679d5d8aa4c5bcf0fb3a0697 [33m404[0m 97.837 ms - 34[0m
[0mGET /api/orders/679d5d8aa4c5bcf0fb3a0697 [33m404[0m 89.094 ms - 34[0m
[0mGET /api/customers/profile [36m304[0m 183.553 ms - -[0m
[0mGET /api/customers/profile [36m304[0m 180.635 ms - -[0m
[0mGET /api/products [36m304[0m 89.197 ms - -[0m
[0mGET /api/products [36m304[0m 86.370 ms - -[0m
[0mGET /api/orders/679d5d8aa4c5bcf0fb3a0697 [33m404[0m 84.731 ms - 34[0m
[0mGET /api/orders/679d5d8aa4c5bcf0fb3a0697 [33m404[0m 83.938 ms - 34[0m
[0mGET /api/products [36m304[0m 89.993 ms - -[0m
[0mGET /api/products [36m304[0m 88.571 ms - -[0m
[0mGET /api/products [36m304[0m 85.814 ms - -[0m
[0mGET /api/products [36m304[0m 84.793 ms - -[0m
[0mGET /api/orders/679d5d8aa4c5bcf0fb3a0697 [33m404[0m 86.653 ms - 34[0m
[0mGET /api/orders/679d5d8aa4c5bcf0fb3a0697 [33m404[0m 95.034 ms - 34[0m
[0mGET /api/orders/679d5d8aa4c5bcf0fb3a0697 [33m401[0m 0.487 ms - 53[0m
[0mGET /api/orders/679d5d8aa4c5bcf0fb3a0697 [33m401[0m 0.379 ms - 53[0m
[0mPOST /api/auth/login [32m200[0m 347.141 ms - 787[0m
[0mGET /api/customers/profile [36m304[0m 178.511 ms - -[0m
[0mGET /api/customers/profile [36m304[0m 168.991 ms - -[0m
[0mGET /api/orders/679d5d8aa4c5bcf0fb3a0697 [33m404[0m 91.435 ms - 34[0m
[0mGET /api/orders/679d5d8aa4c5bcf0fb3a0697 [33m404[0m 83.371 ms - 34[0m
[0mGET /api/products [36m304[0m 90.248 ms - -[0m
[0mGET /api/products [36m304[0m 87.848 ms - -[0m
[0mGET /api/orders/679d5d8aa4c5bcf0fb3a0697 [33m404[0m 90.317 ms - 34[0m
[0mGET /api/orders/679d5d8aa4c5bcf0fb3a0697 [33m404[0m 92.546 ms - 34[0m
[0mGET /api/products [36m304[0m 91.667 ms - -[0m
[0mGET /api/products [36m304[0m 86.536 ms - -[0m
[0mGET /api/orders/679d5d8aa4c5bcf0fb3a0697 [33m404[0m 93.547 ms - 34[0m
[0mGET /api/orders/679d5d8aa4c5bcf0fb3a0697 [33m404[0m 86.176 ms - 34[0m
[0mPOST /api/orders/realizar [33m401[0m 1.408 ms - 28[0m
[0mPOST /api/orders/realizar [33m400[0m 288.356 ms - 108[0m
[0mPOST /api/orders/realizar [33m400[0m 3.168 ms - 69[0m
[0mPOST /api/auth/login [33m400[0m 88.668 ms - 41[0m
[0mPOST /api/auth/register [32m201[0m 314.748 ms - 46[0m
[0mPOST /api/auth/register [32m201[0m 297.277 ms - 46[0m
[0mPOST /api/auth/register [33m400[0m 204.616 ms - 150[0m
[0mPOST /api/auth/register [32m201[0m 307.724 ms - 46[0m
[0mPOST /api/auth/login [32m200[0m 415.048 ms - 787[0m
[0mPOST /api/auth/login [32m200[0m 424.447 ms - 787[0m
[0mPOST /api/auth/login [32m200[0m 401.005 ms - 787[0m
[0mPOST /api/auth/login [32m200[0m 399.602 ms - 787[0m
[0mPOST /api/auth/login [32m200[0m 406.679 ms - 787[0m
[0mPOST /api/auth/login [32m200[0m 421.294 ms - 787[0m
[0mPOST /api/auth/login [32m200[0m 355.127 ms - 787[0m
[0mPOST /api/auth/login [32m200[0m 419.127 ms - 787[0m
[0mPOST /api/auth/login [32m200[0m 354.298 ms - 787[0m
[0mPOST /api/auth/login [32m200[0m 369.786 ms - 787[0m
[0mPOST /api/auth/login [32m200[0m 391.865 ms - 787[0m
[0mPOST /api/auth/login [32m200[0m 499.862 ms - 787[0m
[0mPOST /api/auth/login [32m200[0m 413.202 ms - 787[0m
[0mPOST /api/auth/login [32m200[0m 422.541 ms - 787[0m
[0mPOST /api/auth/login [32m200[0m 407.560 ms - 787[0m
[0mPOST /api/auth/login [32m200[0m 418.997 ms - 787[0m
[0mPOST /api/auth/login [32m200[0m 378.193 ms - 787[0m
[0mGET /api/products [32m200[0m 91.570 ms - 3898[0m
[0mGET /api/products [36m304[0m 88.086 ms - -[0m
[0mGET /api/products [36m304[0m 90.094 ms - -[0m
[0mGET /api/products [36m304[0m 87.760 ms - -[0m
[0mGET /api/orders/679d864b5e0a88583b1f0a57 [33m404[0m 95.628 ms - 34[0m
[0mGET /api/orders/679d864b5e0a88583b1f0a57 [33m404[0m 90.699 ms - 34[0m
[0mGET /api/customers/profile [32m200[0m 181.237 ms - 326[0m
[0mGET /api/customers/profile [36m304[0m 178.205 ms - -[0m
[0mGET /api/orders/679d864b5e0a88583b1f0a57 [33m404[0m 87.292 ms - 34[0m
[0mGET /api/orders/679d864b5e0a88583b1f0a57 [33m404[0m 100.861 ms - 34[0m
[0mGET /api/products [36m304[0m 86.466 ms - -[0m
[0mGET /api/products [36m304[0m 96.421 ms - -[0m
[0mGET /api/products [36m304[0m 90.340 ms - -[0m
[0mGET /api/products [36m304[0m 87.011 ms - -[0m
[0mPOST /api/orders/realizar [33m400[0m 8.638 ms - 85[0m
[0mPOST /api/orders/realizar [33m400[0m 2.641 ms - 85[0m
[0mPOST /api/auth/login [32m200[0m 456.421 ms - 787[0m
[0mGET /api/products [36m304[0m 114.024 ms - -[0m
[0mGET /api/products [36m304[0m 88.537 ms - -[0m
[0mGET /api/products [36m304[0m 110.759 ms - -[0m
[0mGET /api/products [36m304[0m 96.545 ms - -[0m
[0mPOST /api/orders/realizar [33m400[0m 9.591 ms - 76[0m
[0mPOST /api/orders/realizar [33m400[0m 6.468 ms - 76[0m
[0mPOST /api/auth/login [32m200[0m 350.046 ms - 787[0m
[0mPOST /api/orders/realizar [33m400[0m 2.385 ms - 76[0m
[0mPOST /api/orders/realizar [33m400[0m 1.937 ms - 76[0m
[0mPOST /api/orders/realizar [33m400[0m 1.789 ms - 86[0m
[0mPOST /api/orders/realizar [33m400[0m 1.657 ms - 86[0m
[0mPOST /api/auth/login [32m200[0m 451.488 ms - 787[0m
[0mGET /api/products [36m304[0m 102.046 ms - -[0m
[0mGET /api/products [36m304[0m 104.882 ms - -[0m
[0mGET /api/products [36m304[0m 96.712 ms - -[0m
[0mGET /api/products [36m304[0m 96.883 ms - -[0m
[0mPOST /api/orders/realizar [33m400[0m 7.631 ms - 89[0m
[0mPOST /api/orders/realizar [33m400[0m 4.173 ms - 85[0m
[0mPOST /api/orders/realizar [33m400[0m 4.332 ms - 85[0m
[0mPOST /api/orders/realizar [33m400[0m 1.754 ms - 89[0m
[0mPOST /api/orders/realizar [33m400[0m 1.501 ms - 89[0m
[0mPOST /api/orders/realizar [33m400[0m 1.433 ms - 89[0m
[0mPOST /api/orders/realizar [33m400[0m 1.568 ms - 82[0m
[0mPOST /api/orders/realizar [33m401[0m 1.523 ms - 28[0m
[0mPOST /api/auth/login [32m200[0m 359.407 ms - 787[0m
[0mPOST /api/orders/realizar [33m400[0m 1.730 ms - 82[0m
[0mPOST /api/orders/realizar [33m400[0m 2.651 ms - 82[0m
[0mPOST /api/orders/realizar [33m400[0m 1.505 ms - 110[0m
[0mPOST /api/orders/realizar [33m400[0m 1.944 ms - 68[0m
[0mPOST /api/orders/realizar [33m400[0m 1.344 ms - 68[0m
[0mPOST /api/orders/realizar [33m400[0m 3.224 ms - 85[0m
[0mGET /api/products [36m304[0m 100.079 ms - -[0m
[0mGET /api/products [36m304[0m 95.591 ms - -[0m
[0mGET /api/products [36m304[0m 91.366 ms - -[0m
[0mGET /api/products [36m304[0m 87.712 ms - -[0m
[0mPOST /api/orders/realizar [33m401[0m 1.338 ms - 28[0m
[0mPOST /api/orders/realizar [33m401[0m 2.535 ms - 28[0m
[0mPOST /api/orders/realizar [33m401[0m 5.243 ms - 28[0m
[0mPOST /api/auth/login [32m200[0m 467.349 ms - 787[0m
[0mGET /api/customers/profile [32m200[0m 227.534 ms - 326[0m
[0mGET /api/customers/profile [36m304[0m 215.599 ms - -[0m
[0mGET /api/customers/profile [36m304[0m 208.714 ms - -[0m
[0mGET /api/customers/profile [36m304[0m 211.550 ms - -[0m
[0mPOST /api/auth/login [32m200[0m 392.383 ms - 787[0m
[0mGET /api/products [32m200[0m 109.846 ms - 3898[0m
[0mGET /api/products [36m304[0m 100.473 ms - -[0m
[0mGET /api/products [36m304[0m 99.544 ms - -[0m
[0mGET /api/products [36m304[0m 101.405 ms - -[0m
[0mGET /api/products [36m304[0m 105.653 ms - -[0m
[0mGET /api/products [36m304[0m 101.497 ms - -[0m
[0mGET /api/products [36m304[0m 102.631 ms - -[0m
[0mGET /api/products [36m304[0m 103.684 ms - -[0m
[0mGET /api/products [36m304[0m 100.193 ms - -[0m
[0mGET /api/products [36m304[0m 102.429 ms - -[0m
[0mGET /api/orders/:id [33m404[0m 105.547 ms - 34[0m
[0mGET /api/orders/:id [33m404[0m 109.165 ms - 34[0m
[0mGET /api/customers/profile [36m304[0m 195.666 ms - -[0m
[0mGET /api/customers/profile [36m304[0m 206.585 ms - -[0m
[0mGET /api/orders/:id [33m404[0m 99.687 ms - 34[0m
[0mGET /api/orders/:id [33m404[0m 104.787 ms - 34[0m
[0mGET /api/products [36m304[0m 95.301 ms - -[0m
[0mGET /api/products [36m304[0m 99.825 ms - -[0m
[0mGET /api/orders/:id [33m404[0m 107.589 ms - 34[0m
[0mGET /api/orders/:id [33m404[0m 104.080 ms - 34[0m
[0mGET /api/customers/profile [36m304[0m 194.416 ms - -[0m
[0mGET /api/customers/profile [36m304[0m 217.605 ms - -[0m
[0mGET /api/orders/:id [33m404[0m 102.433 ms - 34[0m
[0mGET /api/orders/:id [33m404[0m 100.493 ms - 34[0m
[0mGET /api/products [36m304[0m 96.707 ms - -[0m
[0mGET /api/products [36m304[0m 101.964 ms - -[0m
[0mGET /api/products [36m304[0m 102.776 ms - -[0m
[0mGET /api/products [36m304[0m 101.874 ms - -[0m
[0mPOST /api/orders/realizar [33m400[0m 8.122 ms - 147[0m
[0mPOST /api/orders/realizar [33m400[0m 6.937 ms - 147[0m
[0mPOST /api/auth/login [32m200[0m 416.625 ms - 787[0m
[0mGET /api/products [36m304[0m 112.210 ms - -[0m
[0mGET /api/products [36m304[0m 101.139 ms - -[0m
[0mGET /api/products [36m304[0m 100.265 ms - -[0m
[0mGET /api/products [36m304[0m 101.738 ms - -[0m
[0mPOST /api/orders/realizar [33m400[0m 10.585 ms - 76[0m
[0mPOST /api/orders/realizar [33m400[0m 11.594 ms - 76[0m
[0mPOST /api/auth/login [32m200[0m 389.798 ms - 787[0m
[0mGET /api/products [36m304[0m 93.532 ms - -[0m
[0mGET /api/products [36m304[0m 92.457 ms - -[0m
[0mGET /api/products [36m304[0m 92.063 ms - -[0m
[0mGET /api/products [36m304[0m 88.231 ms - -[0m
[0mPOST /api/orders/realizar [33m400[0m 10.011 ms - 88[0m
[0mPOST /api/orders/realizar [33m400[0m 6.255 ms - 88[0m
[0mPOST /api/auth/login [32m200[0m 409.480 ms - 787[0m
[0mGET /api/products [36m304[0m 111.510 ms - -[0m
[0mGET /api/products [36m304[0m 100.325 ms - -[0m
[0mGET /api/products [36m304[0m 91.235 ms - -[0m
[0mGET /api/products [36m304[0m 100.988 ms - -[0m
[0mPOST /api/orders/realizar [33m400[0m 10.245 ms - 88[0m
[0mPOST /api/orders/realizar [33m400[0m 5.370 ms - 88[0m
[0mGET /api/products [36m304[0m 91.570 ms - -[0m
[0mGET /api/products [36m304[0m 85.423 ms - -[0m
[0mPOST /api/orders/realizar [33m400[0m 2.899 ms - 83[0m
[0mPOST /api/auth/login [32m200[0m 466.485 ms - 787[0m
[0mGET /api/products [36m304[0m 115.505 ms - -[0m
[0mGET /api/products [36m304[0m 100.170 ms - -[0m
[0mGET /api/products [36m304[0m 114.284 ms - -[0m
[0mGET /api/products [36m304[0m 97.608 ms - -[0m
[0mPOST /api/orders/realizar [33m400[0m 8.131 ms - 83[0m
[0mPOST /api/orders/realizar [33m400[0m 2.541 ms - 83[0m
[0mPOST /api/auth/login [32m200[0m 417.977 ms - 787[0m
[0mGET /api/products [36m304[0m 112.213 ms - -[0m
[0mGET /api/products [36m304[0m 103.120 ms - -[0m
[0mGET /api/products [36m304[0m 99.681 ms - -[0m
[0mGET /api/products [36m304[0m 98.380 ms - -[0m
[0mPOST /api/orders/realizar [33m400[0m 361.680 ms - 246[0m
[0mPOST /api/orders/realizar [33m400[0m 339.213 ms - 246[0m
[0mPOST /api/auth/login [32m200[0m 485.568 ms - 787[0m
[0mGET /api/products [32m200[0m 102.743 ms - 3898[0m
[0mGET /api/products [36m304[0m 105.200 ms - -[0m
[0mGET /api/products [36m304[0m 121.228 ms - -[0m
[0mGET /api/products [36m304[0m 100.932 ms - -[0m
[0mGET /api/products [36m304[0m 113.471 ms - -[0m
[0mGET /api/products [36m304[0m 101.945 ms - -[0m
[0mPOST /api/orders/realizar [32m201[0m 455.498 ms - 541[0m
[0mGET /api/orders/:id [33m404[0m 104.406 ms - 34[0m
[0mGET /api/orders/:id [33m404[0m 102.052 ms - 34[0m
[0mGET /api/customers/profile [36m304[0m 194.048 ms - -[0m
[0mGET /api/customers/profile [36m304[0m 199.750 ms - -[0m
[0mGET /api/products [32m200[0m 100.726 ms - 3898[0m
[0mGET /api/products [36m304[0m 97.168 ms - -[0m
[0mGET /api/products [32m200[0m 100.140 ms - 3898[0m
[0mGET /api/products [36m304[0m 98.498 ms - -[0m
[0mGET /api/products [36m304[0m 100.521 ms - -[0m
[0mGET /api/products [36m304[0m 99.569 ms - -[0m
[0mPOST /api/orders/realizar [32m201[0m 426.420 ms - 541[0m
[0mGET /api/products [32m200[0m 99.236 ms - 3898[0m
[0mGET /api/products [36m304[0m 102.182 ms - -[0m
[0mGET /api/orders/:id [33m404[0m 102.510 ms - 34[0m
[0mGET /api/orders/:id [33m404[0m 114.074 ms - 34[0m
[0mGET /api/products [36m304[0m 103.335 ms - -[0m
[0mGET /api/products [36m304[0m 97.182 ms - -[0m
[0mGET /api/products [36m304[0m 108.894 ms - -[0m
[0mGET /api/products [36m304[0m 100.350 ms - -[0m
[0mGET /api/products [36m304[0m 95.111 ms - -[0m
[0mGET /api/products [36m304[0m 95.832 ms - -[0m
[0mGET /api/orders/:id [33m404[0m 100.292 ms - 34[0m
[0mGET /api/orders/:id [33m404[0m 100.179 ms - 34[0m
[0mGET /api/products [36m304[0m 100.219 ms - -[0m
[0mGET /api/products [36m304[0m 100.835 ms - -[0m
[0mGET /api/products [36m304[0m 99.699 ms - -[0m
[0mGET /api/products [36m304[0m 100.957 ms - -[0m
[0mGET /api/orders/:id [33m404[0m 98.685 ms - 34[0m
[0mGET /api/orders/:id [33m404[0m 99.029 ms - 34[0m
[0mGET /api/products [36m304[0m 100.888 ms - -[0m
[0mGET /api/products [36m304[0m 101.878 ms - -[0m
[0mGET /api/products [36m304[0m 102.084 ms - -[0m
[0mGET /api/products [36m304[0m 105.392 ms - -[0m
[0mGET /api/products [36m304[0m 98.639 ms - -[0m
[0mGET /api/products [36m304[0m 95.868 ms - -[0m
[0mGET /api/products [36m304[0m 97.952 ms - -[0m
[0mGET /api/products [36m304[0m 109.732 ms - -[0m
[0mGET /api/orders/:id [33m404[0m 105.099 ms - 34[0m
[0mGET /api/orders/:id [33m404[0m 99.094 ms - 34[0m
[0mGET /api/products [36m304[0m 109.697 ms - -[0m
[0mGET /api/products [36m304[0m 98.086 ms - -[0m
[0mGET /api/products [36m304[0m 108.181 ms - -[0m
[0mGET /api/products [36m304[0m 97.564 ms - -[0m
[0mPOST /api/auth/login [32m200[0m 399.408 ms - 787[0m
[0mGET /api/products [32m200[0m 103.966 ms - 3898[0m
[0mGET /api/products [36m304[0m 90.204 ms - -[0m
[0mGET /api/products [36m304[0m 90.121 ms - -[0m
[0mGET /api/products [36m304[0m 95.353 ms - -[0m
[0mPOST /api/orders/realizar [32m201[0m 425.845 ms - 541[0m
[0mGET /api/orders/:id [33m404[0m 94.156 ms - 34[0m
[0mGET /api/orders/:id [33m404[0m 101.552 ms - 34[0m
[0mGET /api/products [32m200[0m 90.110 ms - 3898[0m
[0mGET /api/products [36m304[0m 87.704 ms - -[0m
[0mGET /api/orders/:id [33m404[0m 87.828 ms - 34[0m
[0mGET /api/orders/:id [33m404[0m 84.512 ms - 34[0m
[0mGET /api/products [36m304[0m 93.633 ms - -[0m
[0mGET /api/products [36m304[0m 87.004 ms - -[0m
[0mGET /api/orders/:id [33m404[0m 87.938 ms - 34[0m
[0mGET /api/orders/:id [33m404[0m 86.073 ms - 34[0m
[0mPOST /api/auth/login [32m200[0m 401.520 ms - 787[0m
[0mGET /api/products [36m304[0m 91.825 ms - -[0m
[0mGET /api/products [36m304[0m 96.393 ms - -[0m
[0mGET /api/products [36m304[0m 101.085 ms - -[0m
[0mGET /api/products [36m304[0m 92.927 ms - -[0m
[0mGET /api/orders/679d864b5e0a88583b1f0a57 [33m404[0m 88.823 ms - 34[0m
[0mGET /api/orders/679d864b5e0a88583b1f0a57 [33m404[0m 87.811 ms - 34[0m
[0mGET /api/customers/profile [36m304[0m 179.224 ms - -[0m
[0mGET /api/customers/profile [36m304[0m 173.690 ms - -[0m
[0mGET /api/orders/679d864b5e0a88583b1f0a57 [33m404[0m 87.282 ms - 34[0m
[0mGET /api/orders/679d864b5e0a88583b1f0a57 [33m404[0m 87.769 ms - 34[0m
[0mPOST /api/auth/login [32m200[0m 440.813 ms - 787[0m
[0mGET /api/products [36m304[0m 107.688 ms - -[0m
[0mGET /api/products [36m304[0m 111.883 ms - -[0m
[0mGET /api/products [36m304[0m 89.032 ms - -[0m
[0mGET /api/products [36m304[0m 86.089 ms - -[0m
[0mGET /api/products [36m304[0m 90.549 ms - -[0m
[0mGET /api/products [36m304[0m 90.732 ms - -[0m
[0mGET /api/products [36m304[0m 88.695 ms - -[0m
[0mGET /api/products [36m304[0m 95.899 ms - -[0m
[0mGET /api/orders/679d864b5e0a88583b1f0a57 [33m404[0m 94.429 ms - 34[0m
[0mGET /api/orders/679d864b5e0a88583b1f0a57 [33m404[0m 90.576 ms - 34[0m
[0mGET /api/customers/profile [36m304[0m 200.303 ms - -[0m
[0mGET /api/customers/profile [36m304[0m 185.819 ms - -[0m
[0mGET /api/orders/679d864b5e0a88583b1f0a57 [33m404[0m 91.660 ms - 34[0m
[0mGET /api/orders/679d864b5e0a88583b1f0a57 [33m404[0m 84.863 ms - 34[0m
[0mGET /api/products [36m304[0m 90.046 ms - -[0m
[0mGET /api/products [36m304[0m 86.887 ms - -[0m
[0mGET /api/customers/profile [36m304[0m 182.866 ms - -[0m
[0mGET /api/customers/profile [36m304[0m 177.520 ms - -[0m
[0mGET /api/orders/679d864b5e0a88583b1f0a57 [33m404[0m 88.347 ms - 34[0m
[0mGET /api/orders/679d864b5e0a88583b1f0a57 [33m404[0m 113.803 ms - 34[0m
[0mPOST /api/auth/login [32m200[0m 402.453 ms - 787[0m
[0mGET /api/products [36m304[0m 103.290 ms - -[0m
[0mGET /api/products [36m304[0m 107.920 ms - -[0m
[0mGET /api/products [36m304[0m 97.581 ms - -[0m
[0mGET /api/products [36m304[0m 92.537 ms - -[0m
[0mGET /api/products [36m304[0m 89.992 ms - -[0m
[0mGET /api/products [36m304[0m 102.414 ms - -[0m
[0mGET /api/customers/profile [36m304[0m 204.832 ms - -[0m
[0mGET /api/customers/profile [36m304[0m 176.280 ms - -[0m
[0mGET /api/products [36m304[0m 105.258 ms - -[0m
[0mGET /api/products [36m304[0m 85.538 ms - -[0m
[0mGET /api/products [36m304[0m 89.089 ms - -[0m
[0mGET /api/products [36m304[0m 93.203 ms - -[0m
[0mGET /api/orders/user/679d864b5e0a88583b1f0a57 [32m200[0m 100.903 ms - 491[0m
[0mGET /api/orders/user/679d864b5e0a88583b1f0a57 [36m304[0m 102.283 ms - -[0m
[0mGET /api/customers/profile [36m304[0m 183.148 ms - -[0m
[0mGET /api/customers/profile [36m304[0m 170.621 ms - -[0m
[0mGET /api/orders/user/679d864b5e0a88583b1f0a57 [36m304[0m 90.481 ms - -[0m
[0mGET /api/orders/user/679d864b5e0a88583b1f0a57 [36m304[0m 99.146 ms - -[0m
[0mGET /api/products [36m304[0m 86.275 ms - -[0m
[0mGET /api/products [36m304[0m 97.517 ms - -[0m
[0mGET /api/products [36m304[0m 87.280 ms - -[0m
[0mGET /api/products [36m304[0m 87.886 ms - -[0m
[0mGET /api/products [36m304[0m 87.705 ms - -[0m
[0mGET /api/products [36m304[0m 87.971 ms - -[0m
[0mGET /api/orders/user/679d864b5e0a88583b1f0a57 [36m304[0m 102.739 ms - -[0m
[0mGET /api/orders/user/679d864b5e0a88583b1f0a57 [36m304[0m 96.349 ms - -[0m
[0mGET /api/customers/profile [36m304[0m 167.092 ms - -[0m
[0mGET /api/customers/profile [36m304[0m 189.124 ms - -[0m
[0mGET /api/products [36m304[0m 91.472 ms - -[0m
[0mGET /api/products [36m304[0m 96.206 ms - -[0m
[0mGET /api/products [36m304[0m 111.808 ms - -[0m
[0mGET /api/products [36m304[0m 84.889 ms - -[0m
[0mGET /api/orders/user/679d864b5e0a88583b1f0a57 [36m304[0m 91.701 ms - -[0m
[0mGET /api/orders/user/679d864b5e0a88583b1f0a57 [36m304[0m 93.743 ms - -[0m
[0mGET /api/customers/profile [36m304[0m 176.733 ms - -[0m
[0mGET /api/customers/profile [36m304[0m 179.219 ms - -[0m
[0mGET /api/orders/user/679d864b5e0a88583b1f0a57 [36m304[0m 96.748 ms - -[0m
[0mGET /api/orders/user/679d864b5e0a88583b1f0a57 [36m304[0m 96.542 ms - -[0m
[0mGET /api/customers/profile [36m304[0m 176.160 ms - -[0m
[0mGET /api/customers/profile [36m304[0m 178.107 ms - -[0m
[0mPUT /api/customers/profile [33m403[0m 1.396 ms - 27[0m
[0mGET /api/orders/user/679d864b5e0a88583b1f0a57 [36m304[0m 87.108 ms - -[0m
[0mGET /api/orders/user/679d864b5e0a88583b1f0a57 [36m304[0m 91.901 ms - -[0m
[0mGET /api/customers/profile [36m304[0m 172.454 ms - -[0m
[0mGET /api/customers/profile [36m304[0m 192.123 ms - -[0m
[0mPUT /api/customers/profile [33m403[0m 1.351 ms - 27[0m
[0mGET /api/orders/user/679d864b5e0a88583b1f0a57 [36m304[0m 90.246 ms - -[0m
[0mGET /api/orders/user/679d864b5e0a88583b1f0a57 [36m304[0m 97.465 ms - -[0m
[0mGET /api/customers/profile [36m304[0m 179.993 ms - -[0m
[0mGET /api/customers/profile [36m304[0m 180.684 ms - -[0m
